-------------------------------------------------------------------------------
Test set: samples.SampleTest
-------------------------------------------------------------------------------
Tests run: 3, Failures: 1, Errors: 0, Skipped: 0, Time elapsed: 0.559 s <<< FAILURE! - in samples.SampleTest
first(samples.SampleTest)  Time elapsed: 0.025 s  <<< FAILURE!
java.lang.AssertionError: expected [1] but found [2]
	at samples.SampleTest.first(SampleTest.java:15)

