<?xml version="1.0" encoding="UTF-8"?>
<testsuite xmlns:xsi="http://www.w3.org/2001/XMLSchema-instance" xsi:noNamespaceSchemaLocation="https://maven.apache.org/surefire/maven-surefire-plugin/xsd/surefire-test-report.xsd" name="samples.SampleTest" time="0.559" tests="3" errors="0" skipped="0" failures="1">
  <properties>
[...]
</properties>
  <testcase name="first" classname="samples.SampleTest" time="0.025">
    <failure message="expected [1] but found [2]" type="java.lang.AssertionError">java.lang.AssertionError: expected [1] but found [2]
	at samples.SampleTest.first(SampleTest.java:15)
</failure>
    <system-out><![CDATA[1
]]></system-out>
  </testcase>
  <testcase name="second" classname="samples.SampleTest" time="0"/>
  <testcase name="third" classname="samples.SampleTest" time="0.001"/>
</testsuite>