<?xml version="1.0" encoding="UTF-8"?>
<testng-results skipped="0" failed="0" ignored="0" total="3" passed="3">
  <reporter-output>
  </reporter-output>
  <suite name="Surefire suite" duration-ms="64" started-at="2017-10-18T11:32:46Z" finished-at="2017-10-18T11:32:46Z">
    <groups>
    </groups>
    <test name="Surefire test" duration-ms="64" started-at="2017-10-18T11:32:46Z" finished-at="2017-10-18T11:32:46Z">
      <class name="samples.SampleTest">
        <test-method status="PASS" signature="first()[pri:0, instance:samples.SampleTest@1fbc7afb]" name="first" duration-ms="22" started-at="2017-10-18T14:32:46Z" finished-at="2017-10-18T14:32:46Z">
          <reporter-output>
          </reporter-output>
        </test-method> <!-- first -->
        <test-method status="PASS" signature="second()[pri:0, instance:samples.SampleTest@1fbc7afb]" name="second" duration-ms="0" started-at="2017-10-18T14:32:46Z" finished-at="2017-10-18T14:32:46Z">
          <reporter-output>
          </reporter-output>
        </test-method> <!-- second -->
        <test-method status="PASS" signature="third()[pri:0, instance:samples.SampleTest@1fbc7afb]" name="third" duration-ms="2" started-at="2017-10-18T14:32:46Z" finished-at="2017-10-18T14:32:46Z">
          <reporter-output>
          </reporter-output>
        </test-method> <!-- third -->
      </class> <!-- samples.SampleTest -->
    </test> <!-- Surefire test -->
  </suite> <!-- Surefire suite -->
</testng-results>
